<?xml version="1.0" encoding="utf-8"?><testsuites name="pytest tests"><testsuite name="pytest" errors="0" failures="1" skipped="0" tests="25" time="4.658" timestamp="2026-02-23T17:28:24.963353+00:00" hostname="agent-env-eaaa0e0b-761e-4606-85c1-2d2adff7d62c"><testcase classname="backend.tests.test_iteration5_fixes.TestDoctorPatientsAccess" name="test_doctor_can_access_patients_list" time="0.168" /><testcase classname="backend.tests.test_iteration5_fixes.TestDoctorPatientsAccess" name="test_doctor_cannot_access_other_roles" time="0.390" /><testcase classname="backend.tests.test_iteration5_fixes.TestDoctorPatientsAccess" name="test_doctor_without_role_filter_gets_patients_only" time="0.146" /><testcase classname="backend.tests.test_iteration5_fixes.TestSettingsProfileUpdate" name="test_user_can_update_own_profile" time="0.206"><failure message="AssertionError: Expected 200, got 404: {&quot;detail&quot;:&quot;User not found&quot;}&#10;assert 404 == 200&#10; +  where 404 = &lt;Response [404]&gt;.status_code">backend/tests/test_iteration5_fixes.py:112: in test_user_can_update_own_profile
    assert response.status_code == 200, f"Expected 200, got {response.status_code}: {response.text}"
E   AssertionError: Expected 200, got 404: {"detail":"User not found"}
E   assert 404 == 200
E    +  where 404 = &lt;Response [404]&gt;.status_code</failure></testcase><testcase classname="backend.tests.test_iteration5_fixes.TestSettingsProfileUpdate" name="test_patient_can_update_own_profile" time="0.200" /><testcase classname="backend.tests.test_iteration5_fixes.TestSettingsProfileUpdate" name="test_user_cannot_update_others_profile" time="0.215" /><testcase classname="backend.tests.test_iteration5_fixes.TestDashboardStats" name="test_admin_dashboard_stats" time="0.142" /><testcase classname="backend.tests.test_iteration5_fixes.TestDashboardStats" name="test_doctor_dashboard_stats" time="0.152" /><testcase classname="backend.tests.test_iteration5_fixes.TestDashboardStats" name="test_staff_dashboard_stats" time="0.275" /><testcase classname="backend.tests.test_iteration5_fixes.TestDashboardStats" name="test_patient_dashboard_stats" time="0.322" /><testcase classname="backend.tests.test_iteration5_fixes.TestSidebarEndpointsDoctor" name="test_doctor_can_access_appointments" time="0.227" /><testcase classname="backend.tests.test_iteration5_fixes.TestSidebarEndpointsDoctor" name="test_doctor_can_access_doctors_for_schedule" time="0.149" /><testcase classname="backend.tests.test_iteration5_fixes.TestSidebarEndpointsDoctor" name="test_doctor_can_access_medical_records" time="0.130" /><testcase classname="backend.tests.test_iteration5_fixes.TestSidebarEndpointsStaff" name="test_staff_can_access_patients" time="0.139" /><testcase classname="backend.tests.test_iteration5_fixes.TestSidebarEndpointsStaff" name="test_staff_can_access_appointments" time="0.164" /><testcase classname="backend.tests.test_iteration5_fixes.TestSidebarEndpointsStaff" name="test_staff_can_access_invoices" time="0.146" /><testcase classname="backend.tests.test_iteration5_fixes.TestSidebarEndpointsStaff" name="test_staff_can_access_doctors" time="0.129" /><testcase classname="backend.tests.test_iteration5_fixes.TestSidebarEndpointsAdmin" name="test_admin_can_access_all_users" time="0.127" /><testcase classname="backend.tests.test_iteration5_fixes.TestSidebarEndpointsAdmin" name="test_admin_can_access_appointments" time="0.192" /><testcase classname="backend.tests.test_iteration5_fixes.TestSidebarEndpointsAdmin" name="test_admin_can_access_invoices" time="0.125" /><testcase classname="backend.tests.test_iteration5_fixes.TestSidebarEndpointsPatient" name="test_patient_can_access_own_appointments" time="0.115" /><testcase classname="backend.tests.test_iteration5_fixes.TestSidebarEndpointsPatient" name="test_patient_can_access_own_medical_records" time="0.121" /><testcase classname="backend.tests.test_iteration5_fixes.TestSidebarEndpointsPatient" name="test_patient_can_access_own_invoices" time="0.220" /><testcase classname="backend.tests.test_iteration5_fixes.TestSidebarEndpointsPatient" name="test_patient_can_access_doctors_for_booking" time="0.212" /><testcase classname="backend.tests.test_iteration5_fixes.TestScheduleTimeFormat" name="test_appointments_have_zero_padded_time" time="0.148" /></testsuite></testsuites>