<?xml version="1.0" encoding="utf-8"?><testsuites name="pytest tests"><testsuite name="pytest" errors="0" failures="0" skipped="0" tests="22" time="3.427" timestamp="2026-02-23T16:07:10.401088+00:00" hostname="agent-env-eaaa0e0b-761e-4606-85c1-2d2adff7d62c"><testcase classname="tests.test_schedule_usermanagement_invoices.TestAppointmentsAPI" name="test_get_appointments_success" time="0.477" /><testcase classname="tests.test_schedule_usermanagement_invoices.TestAppointmentsAPI" name="test_appointments_enriched_with_patient_name" time="0.088" /><testcase classname="tests.test_schedule_usermanagement_invoices.TestAppointmentsAPI" name="test_appointments_enriched_with_doctor_name" time="0.147" /><testcase classname="tests.test_schedule_usermanagement_invoices.TestAppointmentsAPI" name="test_appointments_enriched_with_doctor_specialization" time="0.091" /><testcase classname="tests.test_schedule_usermanagement_invoices.TestAppointmentsAPI" name="test_appointments_have_required_fields" time="0.178" /><testcase classname="tests.test_schedule_usermanagement_invoices.TestAppointmentsAPI" name="test_appointments_filter_by_doctor" time="0.078" /><testcase classname="tests.test_schedule_usermanagement_invoices.TestUserManagementEditAPI" name="test_update_user_name" time="0.279" /><testcase classname="tests.test_schedule_usermanagement_invoices.TestUserManagementEditAPI" name="test_update_user_phone" time="0.388" /><testcase classname="tests.test_schedule_usermanagement_invoices.TestUserManagementEditAPI" name="test_update_user_address" time="0.169" /><testcase classname="tests.test_schedule_usermanagement_invoices.TestUserManagementEditAPI" name="test_update_doctor_specialization" time="0.296" /><testcase classname="tests.test_schedule_usermanagement_invoices.TestUserManagementEditAPI" name="test_update_user_empty_payload_fails" time="0.083" /><testcase classname="tests.test_schedule_usermanagement_invoices.TestUserManagementEditAPI" name="test_update_nonexistent_user_fails" time="0.084" /><testcase classname="tests.test_schedule_usermanagement_invoices.TestInvoicesAPI" name="test_get_invoices_list" time="0.065" /><testcase classname="tests.test_schedule_usermanagement_invoices.TestInvoicesAPI" name="test_invoices_have_patient_data" time="0.095" /><testcase classname="tests.test_schedule_usermanagement_invoices.TestInvoicesAPI" name="test_invoices_have_appointment_data" time="0.076" /><testcase classname="tests.test_schedule_usermanagement_invoices.TestInvoicesAPI" name="test_get_single_invoice_with_doctor_data" time="0.068" /><testcase classname="tests.test_schedule_usermanagement_invoices.TestInvoicesAPI" name="test_invoice_items_structure" time="0.073" /><testcase classname="tests.test_schedule_usermanagement_invoices.TestInvoicesAPI" name="test_get_nonexistent_invoice_returns_404" time="0.170" /><testcase classname="tests.test_schedule_usermanagement_invoices.TestDoctorsAPI" name="test_get_doctors_list" time="0.078" /><testcase classname="tests.test_schedule_usermanagement_invoices.TestDoctorsAPI" name="test_doctors_have_required_fields" time="0.070" /><testcase classname="tests.test_schedule_usermanagement_invoices.TestAuthAPI" name="test_auth_me_returns_user" time="0.116" /><testcase classname="tests.test_schedule_usermanagement_invoices.TestAuthAPI" name="test_unauthenticated_request_fails" time="0.126" /></testsuite></testsuites>